<?xml version="1.0" encoding="UTF-8"?>
<!-- Generated by org.testng.reporters.JUnitReportReporter -->
<testsuite hostname="DESKTOP-JD06QH1" name="com.amar.dreamer.RNDPro.Test31" tests="3" failures="0" timestamp="21 Oct 2018 07:33:40 GMT" time="0.003" errors="0">
  <testcase name="test3" time="0.001" classname="com.amar.dreamer.RNDPro.Test31"/>
  <testcase name="test1" time="0.001" classname="com.amar.dreamer.RNDPro.Test31"/>
  <testcase name="test2" time="0.001" classname="com.amar.dreamer.RNDPro.Test31"/>
</testsuite> <!-- com.amar.dreamer.RNDPro.Test31 -->
