<?xml version="1.0" encoding="UTF-8"?>
<!-- Generated by org.testng.reporters.JUnitReportReporter -->
<testsuite skipped="0" hostname="DESKTOP-JD06QH1" name="com.amar.dreamer.RNDPro.MyTests2" tests="3" failures="0" timestamp="20 Mar 2019 06:08:31 GMT" time="0.002" errors="0">
  <testcase name="test2" time="0.001" classname="com.amar.dreamer.RNDPro.MyTests2"/>
  <testcase name="test1" time="0.000" classname="com.amar.dreamer.RNDPro.MyTests2"/>
  <testcase name="test3" time="0.001" classname="com.amar.dreamer.RNDPro.MyTests2"/>
</testsuite> <!-- com.amar.dreamer.RNDPro.MyTests2 -->
