<?xml version="1.0" encoding="UTF-8"?>
<!-- Generated by org.testng.reporters.JUnitReportReporter -->
<testsuite skipped="0" hostname="DESKTOP-JD06QH1" name="com.amar.UIElement.TestNGTest" tests="3" failures="0" timestamp="20 Mar 2019 06:08:31 GMT" time="0.006" errors="0">
  <testcase name="test3" time="0.003" classname="com.amar.UIElement.TestNGTest"/>
  <testcase name="test2" time="0.001" classname="com.amar.UIElement.TestNGTest"/>
  <testcase name="test1" time="0.002" classname="com.amar.UIElement.TestNGTest"/>
</testsuite> <!-- com.amar.UIElement.TestNGTest -->
