<?xml version="1.0" encoding="UTF-8"?>
<!-- Generated by org.testng.reporters.JUnitReportReporter -->
<testsuite hostname="DESKTOP-JD06QH1" name="com.amar.dreamer.RNDPro.Test2" tests="3" failures="0" timestamp="21 Oct 2018 08:03:00 GMT" time="0.002" errors="0">
  <testcase name="test2" time="0.001" classname="com.amar.dreamer.RNDPro.Test2"/>
  <testcase name="test3" time="0.000" classname="com.amar.dreamer.RNDPro.Test2"/>
  <testcase name="test1" time="0.001" classname="com.amar.dreamer.RNDPro.Test2"/>
</testsuite> <!-- com.amar.dreamer.RNDPro.Test2 -->
